app/build/intermediates/manifest_merge_blame_file/debug/manifest-merger-blame-debug-report.txt
1<?xml version="1.0" encoding="utf-8"?>
2<manifest xmlns:android="http://schemas.android.com/apk/res/android"
3    package="com.example.facebooklinkedinlogin"
4    android:versionCode="1"
5    android:versionName="1.0" >
6
7    <uses-sdk
8        android:minSdkVersion="15"
8-->src\main\AndroidManifest.xml
9        android:targetSdkVersion="29" />
9-->src\main\AndroidManifest.xml
10
11    <uses-permission android:name="android.permission.INTERNET" />
11-->src\main\AndroidManifest.xml:5:5-66
11-->src\main\AndroidManifest.xml:5:22-64
12    <uses-permission android:name="com.google.android.finsky.permission.BIND_GET_INSTALL_REFERRER_SERVICE" />
12-->[com.android.installreferrer:installreferrer:1.0] AndroidManifest.xml:9:5-110
12-->[com.android.installreferrer:installreferrer:1.0] AndroidManifest.xml:9:22-107
13
14    <application
14-->src\main\AndroidManifest.xml:7:5-57:19
15        android:allowBackup="true"
15-->src\main\AndroidManifest.xml:8:9-35
16        android:appComponentFactory="androidx.core.app.CoreComponentFactory"
16-->[androidx.core:core:1.3.1] AndroidManifest.xml:24:18-86
17        android:debuggable="true"
18        android:icon="@drawable/logo"
18-->src\main\AndroidManifest.xml:9:9-38
19        android:label="@string/app_name"
19-->src\main\AndroidManifest.xml:10:9-41
20        android:roundIcon="@drawable/logo"
20-->src\main\AndroidManifest.xml:11:9-43
21        android:supportsRtl="true"
21-->src\main\AndroidManifest.xml:12:9-35
22        android:testOnly="true"
23        android:theme="@style/AppTheme_white" >
23-->src\main\AndroidManifest.xml:13:9-46
24        <activity
24-->src\main\AndroidManifest.xml:14:9-22:20
25            android:name="com.example.facebooklinkedinlogin.splash_screen"
25-->src\main\AndroidManifest.xml:14:19-48
26            android:screenOrientation="portrait"
26-->src\main\AndroidManifest.xml:16:13-49
27            android:theme="@style/AppTheme.NoActionBar" >
27-->src\main\AndroidManifest.xml:15:13-56
28            <intent-filter>
28-->src\main\AndroidManifest.xml:17:13-21:29
29                <action android:name="android.intent.action.MAIN" />
29-->src\main\AndroidManifest.xml:18:17-69
29-->src\main\AndroidManifest.xml:18:25-66
30
31                <category android:name="android.intent.category.LAUNCHER" />
31-->src\main\AndroidManifest.xml:20:17-77
31-->src\main\AndroidManifest.xml:20:27-74
32            </intent-filter>
33        </activity>
34        <activity
34-->src\main\AndroidManifest.xml:24:9-27:20
35            android:name="com.example.facebooklinkedinlogin.MainActivity"
35-->src\main\AndroidManifest.xml:24:19-47
36            android:screenOrientation="portrait"
36-->src\main\AndroidManifest.xml:25:13-49
37            android:theme="@style/AppTheme" >
37-->src\main\AndroidManifest.xml:26:13-44
38        </activity>
39        <activity
39-->src\main\AndroidManifest.xml:29:9-32:56
40            android:name="com.example.facebooklinkedinlogin.UserProfile"
40-->src\main\AndroidManifest.xml:29:19-46
41            android:label="Profile"
41-->src\main\AndroidManifest.xml:31:13-36
42            android:screenOrientation="portrait"
42-->src\main\AndroidManifest.xml:30:13-49
43            android:theme="@style/AppTheme" />
43-->src\main\AndroidManifest.xml:32:13-44
44        <activity
44-->src\main\AndroidManifest.xml:34:9-37:56
45            android:name="com.example.facebooklinkedinlogin.gmail_userprofile"
45-->src\main\AndroidManifest.xml:34:19-52
46            android:label="Profile"
46-->src\main\AndroidManifest.xml:36:13-36
47            android:screenOrientation="portrait"
47-->src\main\AndroidManifest.xml:35:13-49
48            android:theme="@style/AppTheme" />
48-->src\main\AndroidManifest.xml:37:13-44
49        <activity
49-->src\main\AndroidManifest.xml:39:9-42:48
50            android:name="com.facebook.FacebookActivity"
50-->src\main\AndroidManifest.xml:39:19-63
51            android:configChanges="keyboard|keyboardHidden|screenLayout|screenSize|orientation"
51-->src\main\AndroidManifest.xml:40:13-113
52            android:label="@string/app_name"
52-->src\main\AndroidManifest.xml:42:13-45
53            android:theme="@style/com_facebook_activity_theme" />
53-->[com.facebook.android:facebook-common:5.15.3] AndroidManifest.xml:33:13-63
54        <activity
54-->src\main\AndroidManifest.xml:43:9-52:20
55            android:name="com.facebook.CustomTabActivity"
55-->src\main\AndroidManifest.xml:44:13-58
56            android:exported="true" >
56-->src\main\AndroidManifest.xml:45:13-36
57            <intent-filter>
57-->src\main\AndroidManifest.xml:46:13-51:29
58                <action android:name="android.intent.action.VIEW" />
58-->src\main\AndroidManifest.xml:47:17-69
58-->src\main\AndroidManifest.xml:47:25-66
59
60                <category android:name="android.intent.category.DEFAULT" />
60-->src\main\AndroidManifest.xml:48:17-76
60-->src\main\AndroidManifest.xml:48:27-73
61                <category android:name="android.intent.category.BROWSABLE" />
61-->src\main\AndroidManifest.xml:49:17-78
61-->src\main\AndroidManifest.xml:49:27-75
62
63                <data android:scheme="@string/fb_login_protocol_scheme" />
63-->src\main\AndroidManifest.xml:50:17-75
63-->src\main\AndroidManifest.xml:50:23-72
64            </intent-filter>
65            <intent-filter>
65-->[com.facebook.android:facebook-common:5.15.3] AndroidManifest.xml:39:13-48:29
66                <action android:name="android.intent.action.VIEW" />
66-->src\main\AndroidManifest.xml:47:17-69
66-->src\main\AndroidManifest.xml:47:25-66
67
68                <category android:name="android.intent.category.DEFAULT" />
68-->src\main\AndroidManifest.xml:48:17-76
68-->src\main\AndroidManifest.xml:48:27-73
69                <category android:name="android.intent.category.BROWSABLE" />
69-->src\main\AndroidManifest.xml:49:17-78
69-->src\main\AndroidManifest.xml:49:27-75
70
71                <data
71-->src\main\AndroidManifest.xml:50:17-75
72                    android:host="cct.com.example.facebooklinkedinlogin"
73                    android:scheme="fbconnect" />
73-->src\main\AndroidManifest.xml:50:23-72
74            </intent-filter>
75        </activity>
76
77        <meta-data
77-->src\main\AndroidManifest.xml:54:9-55:54
78            android:name="com.facebook.sdk.ApplicationId"
78-->src\main\AndroidManifest.xml:54:20-65
79            android:value="@string/facebook_app_id" />
79-->src\main\AndroidManifest.xml:55:13-52
80
81        <activity android:name="com.facebook.CustomTabMainActivity" />
81-->[com.facebook.android:facebook-common:5.15.3] AndroidManifest.xml:34:9-71
81-->[com.facebook.android:facebook-common:5.15.3] AndroidManifest.xml:34:19-68
82        <activity
82-->[com.google.android.gms:play-services-auth:19.0.0] AndroidManifest.xml:23:9-27:75
83            android:name="com.google.android.gms.auth.api.signin.internal.SignInHubActivity"
83-->[com.google.android.gms:play-services-auth:19.0.0] AndroidManifest.xml:24:13-93
84            android:excludeFromRecents="true"
84-->[com.google.android.gms:play-services-auth:19.0.0] AndroidManifest.xml:25:13-46
85            android:exported="false"
85-->[com.google.android.gms:play-services-auth:19.0.0] AndroidManifest.xml:26:13-37
86            android:theme="@android:style/Theme.Translucent.NoTitleBar" />
86-->[com.google.android.gms:play-services-auth:19.0.0] AndroidManifest.xml:27:13-72
87        <!--
88            Service handling Google Sign-In user revocation. For apps that do not integrate with
89            Google Sign-In, this service will never be started.
90        -->
91        <service
91-->[com.google.android.gms:play-services-auth:19.0.0] AndroidManifest.xml:33:9-37:51
92            android:name="com.google.android.gms.auth.api.signin.RevocationBoundService"
92-->[com.google.android.gms:play-services-auth:19.0.0] AndroidManifest.xml:34:13-89
93            android:exported="true"
93-->[com.google.android.gms:play-services-auth:19.0.0] AndroidManifest.xml:35:13-36
94            android:permission="com.google.android.gms.auth.api.signin.permission.REVOCATION_NOTIFICATION"
94-->[com.google.android.gms:play-services-auth:19.0.0] AndroidManifest.xml:36:13-107
95            android:visibleToInstantApps="true" />
95-->[com.google.android.gms:play-services-auth:19.0.0] AndroidManifest.xml:37:13-48
96
97        <provider
97-->[com.squareup.picasso:picasso:2.71828] AndroidManifest.xml:8:9-11:40
98            android:name="com.squareup.picasso.PicassoProvider"
98-->[com.squareup.picasso:picasso:2.71828] AndroidManifest.xml:9:13-64
99            android:authorities="com.example.facebooklinkedinlogin.com.squareup.picasso"
99-->[com.squareup.picasso:picasso:2.71828] AndroidManifest.xml:10:13-72
100            android:exported="false" />
100-->[com.squareup.picasso:picasso:2.71828] AndroidManifest.xml:11:13-37
101
102        <activity
102-->[com.google.android.gms:play-services-base:17.1.0] AndroidManifest.xml:23:9-26:75
103            android:name="com.google.android.gms.common.api.GoogleApiActivity"
103-->[com.google.android.gms:play-services-base:17.1.0] AndroidManifest.xml:24:13-79
104            android:exported="false"
104-->[com.google.android.gms:play-services-base:17.1.0] AndroidManifest.xml:25:13-37
105            android:theme="@android:style/Theme.Translucent.NoTitleBar" />
105-->[com.google.android.gms:play-services-base:17.1.0] AndroidManifest.xml:26:13-72
106
107        <meta-data
107-->[com.google.android.gms:play-services-basement:17.1.1] AndroidManifest.xml:23:9-25:69
108            android:name="com.google.android.gms.version"
108-->[com.google.android.gms:play-services-basement:17.1.1] AndroidManifest.xml:24:13-58
109            android:value="@integer/google_play_services_version" />
109-->[com.google.android.gms:play-services-basement:17.1.1] AndroidManifest.xml:25:13-66
110        <!--
111         The initialization ContentProvider will call FacebookSdk.sdkInitialize automatically
112         with the application context. This config is merged in with the host app's manifest,
113         but there can only be one provider with the same authority activated at any given
114         point; so if the end user has two or more different apps that use Facebook SDK, only the
115         first one will be able to use the provider. To work around this problem, we use the
116         following placeholder in the authority to identify each host application as if it was
117         a completely different provider.
118        -->
119        <provider
119-->[com.facebook.android:facebook-core:5.15.3] AndroidManifest.xml:39:9-42:40
120            android:name="com.facebook.internal.FacebookInitProvider"
120-->[com.facebook.android:facebook-core:5.15.3] AndroidManifest.xml:40:13-70
121            android:authorities="com.example.facebooklinkedinlogin.FacebookInitProvider"
121-->[com.facebook.android:facebook-core:5.15.3] AndroidManifest.xml:41:13-72
122            android:exported="false" />
122-->[com.facebook.android:facebook-core:5.15.3] AndroidManifest.xml:42:13-37
123
124        <receiver
124-->[com.facebook.android:facebook-core:5.15.3] AndroidManifest.xml:44:9-50:20
125            android:name="com.facebook.CurrentAccessTokenExpirationBroadcastReceiver"
125-->[com.facebook.android:facebook-core:5.15.3] AndroidManifest.xml:45:13-86
126            android:exported="false" >
126-->[com.facebook.android:facebook-core:5.15.3] AndroidManifest.xml:46:13-37
127            <intent-filter>
127-->[com.facebook.android:facebook-core:5.15.3] AndroidManifest.xml:47:13-49:29
128                <action android:name="com.facebook.sdk.ACTION_CURRENT_ACCESS_TOKEN_CHANGED" />
128-->[com.facebook.android:facebook-core:5.15.3] AndroidManifest.xml:48:17-95
128-->[com.facebook.android:facebook-core:5.15.3] AndroidManifest.xml:48:25-92
129            </intent-filter>
130        </receiver>
131    </application>
132
133</manifest>